<?xml version="1.0" encoding="UTF-8"?>
<testng-results ignored="0" total="4" passed="4" failed="0" skipped="0">
  <reporter-output>
  </reporter-output>
  <suite started-at="2025-06-01T19:06:12 IST" name="Default suite" finished-at="2025-06-01T19:06:48 IST" duration-ms="35418">
    <groups>
    </groups>
    <test started-at="2025-06-01T19:06:12 IST" name="Default test" finished-at="2025-06-01T19:06:48 IST" duration-ms="35418">
      <class name="tests.UserManage">
        <test-method is-config="true" signature="setUp(java.lang.String)[pri:0, instance:tests.UserManage@5e7cd6cc]" started-at="2025-06-01T19:06:12 IST" name="setUp" finished-at="2025-06-01T19:06:15 IST" duration-ms="2428" status="PASS">
          <params>
            <param index="0">
              <value>
                <![CDATA[firefox]]>
              </value>
            </param>
          </params>
          <reporter-output>
          </reporter-output>
        </test-method> <!-- setUp -->
        <test-method signature="loginTest()[pri:1, instance:tests.UserManage@5e7cd6cc]" started-at="2025-06-01T19:06:15 IST" name="loginTest" finished-at="2025-06-01T19:06:25 IST" duration-ms="10357" status="PASS">
          <reporter-output>
          </reporter-output>
        </test-method> <!-- loginTest -->
        <test-method signature="AddingUser()[pri:2, instance:tests.UserManage@5e7cd6cc]" started-at="2025-06-01T19:06:25 IST" name="AddingUser" finished-at="2025-06-01T19:06:33 IST" duration-ms="8111" status="PASS">
          <reporter-output>
          </reporter-output>
        </test-method> <!-- AddingUser -->
        <test-method signature="searchAndEditUser()[pri:3, instance:tests.UserManage@5e7cd6cc]" started-at="2025-06-01T19:06:33 IST" name="searchAndEditUser" finished-at="2025-06-01T19:06:41 IST" duration-ms="8198" status="PASS">
          <reporter-output>
          </reporter-output>
        </test-method> <!-- searchAndEditUser -->
        <test-method signature="searchAndDeleteEditedUser()[pri:4, instance:tests.UserManage@5e7cd6cc]" started-at="2025-06-01T19:06:41 IST" name="searchAndDeleteEditedUser" finished-at="2025-06-01T19:06:47 IST" duration-ms="5815" status="PASS">
          <reporter-output>
          </reporter-output>
        </test-method> <!-- searchAndDeleteEditedUser -->
        <test-method is-config="true" signature="tearDown()[pri:0, instance:tests.UserManage@5e7cd6cc]" started-at="2025-06-01T19:06:47 IST" name="tearDown" finished-at="2025-06-01T19:06:48 IST" duration-ms="444" status="PASS">
          <reporter-output>
          </reporter-output>
        </test-method> <!-- tearDown -->
      </class> <!-- tests.UserManage -->
    </test> <!-- Default test -->
  </suite> <!-- Default suite -->
</testng-results>
